{
  "stats": {
    "suites": 1,
    "tests": 3,
    "passes": 3,
    "pending": 0,
    "failures": 0,
    "start": "2024-07-12T08:24:35.282Z",
    "end": "2024-07-12T08:25:00.918Z",
    "duration": 25636,
    "testsRegistered": 3,
    "passPercent": 100,
    "pendingPercent": 0,
    "other": 0,
    "hasOther": false,
    "skipped": 0,
    "hasSkipped": false
  },
  "results": [
    {
      "uuid": "99f5c032-645b-4da5-b236-49e8925323c0",
      "title": "",
      "fullFile": "cypress\\e2e\\spec.cy.js",
      "file": "cypress\\e2e\\spec.cy.js",
      "beforeHooks": [],
      "afterHooks": [],
      "tests": [],
      "suites": [
        {
          "uuid": "dc2cb094-5a23-46d5-992b-4c8a9df136c6",
          "title": "tester app the lab",
          "fullFile": "",
          "file": "",
          "beforeHooks": [],
          "afterHooks": [],
          "tests": [
            {
              "title": "passe",
              "fullTitle": "tester app the lab passe",
              "timedOut": null,
              "duration": 1995,
              "state": "passed",
              "speed": "fast",
              "pass": true,
              "fail": false,
              "pending": false,
              "context": null,
              "code": "",
              "err": {},
              "uuid": "5e482076-69d6-4204-9e7c-0b009dd22bb9",
              "parentUUID": "dc2cb094-5a23-46d5-992b-4c8a9df136c6",
              "isHook": false,
              "skipped": false
            },
            {
              "title": "tester les boutons d'inscription ",
              "fullTitle": "tester app the lab tester les boutons d'inscription ",
              "timedOut": null,
              "duration": 15294,
              "state": "passed",
              "speed": "slow",
              "pass": true,
              "fail": false,
              "pending": false,
              "context": null,
              "code": "cy.get('a[href=\"/signup\"]').contains(\"Inscription\").click();\ncy.url().should('include', '/signup');\ncy.get('#lastname').type(\"khelifa\").wait(1000);\ncy.get(\"#firstname\").type(\"smail\").wait(1000);\ncy.get(\"#birthday\").type(\"2000-05-12\").wait(1000);\ncy.get(\"#email\").type(\"khelifa.smail08@gmail.com\").wait(1000);\ncy.get(\"#password\").type(\"smailwild\").wait(1000);\ncy.get(\"#confirmPassword\").type(\"smailwild\").wait(1000);\ncy.get('#terms').check().wait(1000);\ncy.get('#terms').should('be.checked').wait(1000);\ncy.get('button').contains(\"Je M'inscris\").click().wait(1500);\ncy.url().should('include', '/login');",
              "err": {},
              "uuid": "d8b0af54-0585-4a91-ac90-cb65f7fe9fdc",
              "parentUUID": "dc2cb094-5a23-46d5-992b-4c8a9df136c6",
              "isHook": false,
              "skipped": false
            },
            {
              "title": "tester les boutons de connexion",
              "fullTitle": "tester app the lab tester les boutons de connexion",
              "timedOut": null,
              "duration": 5703,
              "state": "passed",
              "speed": "medium",
              "pass": true,
              "fail": false,
              "pending": false,
              "context": null,
              "code": "cy.get('a[href=\"/login\"]').contains(\"Connexion\").click();\ncy.url().should('include', '/login');\ncy.get(\"#email\").type(\"khelifa.smail08@gmail.com\").wait(1000);\ncy.get(\"#password\").type(\"smailwild\").wait(1000);\ncy.get('button').contains(\"Se Connecter\").click().wait(1500);\ncy.url().should('include', '//localhost:3000/');",
              "err": {},
              "uuid": "cbcfa6d1-107e-4939-9b62-5a6f300e62d9",
              "parentUUID": "dc2cb094-5a23-46d5-992b-4c8a9df136c6",
              "isHook": false,
              "skipped": false
            }
          ],
          "suites": [],
          "passes": [
            "5e482076-69d6-4204-9e7c-0b009dd22bb9",
            "d8b0af54-0585-4a91-ac90-cb65f7fe9fdc",
            "cbcfa6d1-107e-4939-9b62-5a6f300e62d9"
          ],
          "failures": [],
          "pending": [],
          "skipped": [],
          "duration": 22992,
          "root": false,
          "rootEmpty": false,
          "_timeout": 2000
        }
      ],
      "passes": [],
      "failures": [],
      "pending": [],
      "skipped": [],
      "duration": 0,
      "root": true,
      "rootEmpty": true,
      "_timeout": 2000
    }
  ],
  "meta": {
    "mocha": {
      "version": "7.0.1"
    },
    "mochawesome": {
      "options": {
        "quiet": false,
        "reportFilename": "mochawesome",
        "saveHtml": true,
        "saveJson": true,
        "consoleReporter": "spec",
        "useInlineDiffs": false,
        "code": true
      },
      "version": "7.1.3"
    },
    "marge": {
      "options": {
        "reportDir": "cypress/reports",
        "overwrite": false,
        "html": true,
        "json": true
      },
      "version": "6.2.0"
    }
  }
}